<?xml version="1.0" encoding="UTF-8"?>
<robot generator="Robot 2.9 (Jython 2.7.0 on java1.8.0_101)" generated="20160907 22:06:16.639">
<suite source="C:\Users\Hyderick Sarrell\Documents\GitHub\tic-tac-toe\tic-tac-toe\acceptance\TicTacToeTests.txt" name="TicTacToeTests" id="s1">
<test name="Win Diagonally as X" id="s1-t1">
<kw library="TicTacToeKeywords" name="Start New Game">
<status endtime="20160907 22:06:18.608" starttime="20160907 22:06:18.587" status="PASS"></status>
</kw>
<kw library="TicTacToeKeywords" name="Mark Location">
<arguments>
<arg>1</arg>
<arg>1</arg>
</arguments>
<status endtime="20160907 22:06:18.644" starttime="20160907 22:06:18.618" status="PASS"></status>
</kw>
<kw name="Check Location">
<arguments>
<arg>1</arg>
<arg>1</arg>
<arg>X</arg>
</arguments>
<kw library="TicTacToeKeywords" name="Get Mark">
<arguments>
<arg>${row}</arg>
<arg>${col}</arg>
</arguments>
<assign>
<var>${m}</var>
</assign>
<msg level="INFO" timestamp="20160907 22:06:18.730">${m} = X</msg>
<status endtime="20160907 22:06:18.733" starttime="20160907 22:06:18.701" status="PASS"></status>
</kw>
<kw library="BuiltIn" name="Should Be Equal">
<doc>Fails if the given objects are unequal.</doc>
<arguments>
<arg>${m}</arg>
<arg>${mark}</arg>
</arguments>
<status endtime="20160907 22:06:18.768" starttime="20160907 22:06:18.745" status="PASS"></status>
</kw>
<status endtime="20160907 22:06:18.772" starttime="20160907 22:06:18.660" status="PASS"></status>
</kw>
<kw library="TicTacToeKeywords" name="Mark Location">
<arguments>
<arg>0</arg>
<arg>1</arg>
</arguments>
<status endtime="20160907 22:06:18.791" starttime="20160907 22:06:18.783" status="PASS"></status>
</kw>
<kw name="Check Location">
<arguments>
<arg>0</arg>
<arg>1</arg>
<arg>O</arg>
</arguments>
<kw library="TicTacToeKeywords" name="Get Mark">
<arguments>
<arg>${row}</arg>
<arg>${col}</arg>
</arguments>
<assign>
<var>${m}</var>
</assign>
<msg level="INFO" timestamp="20160907 22:06:18.845">${m} = O</msg>
<status endtime="20160907 22:06:18.847" starttime="20160907 22:06:18.820" status="PASS"></status>
</kw>
<kw library="BuiltIn" name="Should Be Equal">
<doc>Fails if the given objects are unequal.</doc>
<arguments>
<arg>${m}</arg>
<arg>${mark}</arg>
</arguments>
<status endtime="20160907 22:06:18.865" starttime="20160907 22:06:18.852" status="PASS"></status>
</kw>
<status endtime="20160907 22:06:18.905" starttime="20160907 22:06:18.803" status="PASS"></status>
</kw>
<kw library="TicTacToeKeywords" name="Mark Location">
<arguments>
<arg>0</arg>
<arg>0</arg>
</arguments>
<status endtime="20160907 22:06:18.927" starttime="20160907 22:06:18.912" status="PASS"></status>
</kw>
<kw name="Check Location">
<arguments>
<arg>0</arg>
<arg>0</arg>
<arg>X</arg>
</arguments>
<kw library="TicTacToeKeywords" name="Get Mark">
<arguments>
<arg>${row}</arg>
<arg>${col}</arg>
</arguments>
<assign>
<var>${m}</var>
</assign>
<msg level="INFO" timestamp="20160907 22:06:19.009">${m} = X</msg>
<status endtime="20160907 22:06:19.011" starttime="20160907 22:06:18.969" status="PASS"></status>
</kw>
<kw library="BuiltIn" name="Should Be Equal">
<doc>Fails if the given objects are unequal.</doc>
<arguments>
<arg>${m}</arg>
<arg>${mark}</arg>
</arguments>
<status endtime="20160907 22:06:19.049" starttime="20160907 22:06:19.024" status="PASS"></status>
</kw>
<status endtime="20160907 22:06:19.054" starttime="20160907 22:06:18.938" status="PASS"></status>
</kw>
<kw library="TicTacToeKeywords" name="Mark Location">
<arguments>
<arg>0</arg>
<arg>2</arg>
</arguments>
<status endtime="20160907 22:06:19.078" starttime="20160907 22:06:19.065" status="PASS"></status>
</kw>
<kw name="Check Location">
<arguments>
<arg>0</arg>
<arg>2</arg>
<arg>O</arg>
</arguments>
<kw library="TicTacToeKeywords" name="Get Mark">
<arguments>
<arg>${row}</arg>
<arg>${col}</arg>
</arguments>
<assign>
<var>${m}</var>
</assign>
<msg level="INFO" timestamp="20160907 22:06:19.171">${m} = O</msg>
<status endtime="20160907 22:06:19.179" starttime="20160907 22:06:19.138" status="PASS"></status>
</kw>
<kw library="BuiltIn" name="Should Be Equal">
<doc>Fails if the given objects are unequal.</doc>
<arguments>
<arg>${m}</arg>
<arg>${mark}</arg>
</arguments>
<status endtime="20160907 22:06:19.218" starttime="20160907 22:06:19.196" status="PASS"></status>
</kw>
<status endtime="20160907 22:06:19.222" starttime="20160907 22:06:19.124" status="PASS"></status>
</kw>
<kw library="TicTacToeKeywords" name="Mark Location">
<arguments>
<arg>2</arg>
<arg>2</arg>
</arguments>
<status endtime="20160907 22:06:19.290" starttime="20160907 22:06:19.268" status="PASS"></status>
</kw>
<kw name="Check Location">
<arguments>
<arg>2</arg>
<arg>2</arg>
<arg>X</arg>
</arguments>
<kw library="TicTacToeKeywords" name="Get Mark">
<arguments>
<arg>${row}</arg>
<arg>${col}</arg>
</arguments>
<assign>
<var>${m}</var>
</assign>
<msg level="INFO" timestamp="20160907 22:06:19.331">${m} = X</msg>
<status endtime="20160907 22:06:19.335" starttime="20160907 22:06:19.318" status="PASS"></status>
</kw>
<kw library="BuiltIn" name="Should Be Equal">
<doc>Fails if the given objects are unequal.</doc>
<arguments>
<arg>${m}</arg>
<arg>${mark}</arg>
</arguments>
<status endtime="20160907 22:06:19.360" starttime="20160907 22:06:19.343" status="PASS"></status>
</kw>
<status endtime="20160907 22:06:19.365" starttime="20160907 22:06:19.294" status="PASS"></status>
</kw>
<kw name="Winner Should Be">
<arguments>
<arg>X</arg>
</arguments>
<kw library="TicTacToeKeywords" name="Get Winner">
<assign>
<var>${m}</var>
</assign>
<msg level="INFO" timestamp="20160907 22:06:19.421">${m} = X</msg>
<status endtime="20160907 22:06:19.426" starttime="20160907 22:06:19.410" status="PASS"></status>
</kw>
<kw library="BuiltIn" name="Should Be Equal">
<doc>Fails if the given objects are unequal.</doc>
<arguments>
<arg>${m}</arg>
<arg>${mark}</arg>
</arguments>
<status endtime="20160907 22:06:19.442" starttime="20160907 22:06:19.431" status="PASS"></status>
</kw>
<status endtime="20160907 22:06:19.446" starttime="20160907 22:06:19.372" status="PASS"></status>
</kw>
<status critical="yes" endtime="20160907 22:06:19.467" starttime="20160907 22:06:18.554" status="PASS"></status>
</test>
<test name="Win Horizontally as O" id="s1-t2">
<kw library="TicTacToeKeywords" name="Start New Game">
<status endtime="20160907 22:06:19.567" starttime="20160907 22:06:19.527" status="PASS"></status>
</kw>
<kw library="TicTacToeKeywords" name="Mark Location">
<arguments>
<arg>1</arg>
<arg>1</arg>
</arguments>
<status endtime="20160907 22:06:19.631" starttime="20160907 22:06:19.621" status="PASS"></status>
</kw>
<kw name="Check Location">
<arguments>
<arg>1</arg>
<arg>1</arg>
<arg>X</arg>
</arguments>
<kw library="TicTacToeKeywords" name="Get Mark">
<arguments>
<arg>${row}</arg>
<arg>${col}</arg>
</arguments>
<assign>
<var>${m}</var>
</assign>
<msg level="INFO" timestamp="20160907 22:06:19.676">${m} = X</msg>
<status endtime="20160907 22:06:19.682" starttime="20160907 22:06:19.651" status="PASS"></status>
</kw>
<kw library="BuiltIn" name="Should Be Equal">
<doc>Fails if the given objects are unequal.</doc>
<arguments>
<arg>${m}</arg>
<arg>${mark}</arg>
</arguments>
<status endtime="20160907 22:06:19.726" starttime="20160907 22:06:19.687" status="PASS"></status>
</kw>
<status endtime="20160907 22:06:19.730" starttime="20160907 22:06:19.637" status="PASS"></status>
</kw>
<kw library="TicTacToeKeywords" name="Mark Location">
<arguments>
<arg>2</arg>
<arg>0</arg>
</arguments>
<status endtime="20160907 22:06:19.746" starttime="20160907 22:06:19.737" status="PASS"></status>
</kw>
<kw name="Check Location">
<arguments>
<arg>2</arg>
<arg>0</arg>
<arg>O</arg>
</arguments>
<kw library="TicTacToeKeywords" name="Get Mark">
<arguments>
<arg>${row}</arg>
<arg>${col}</arg>
</arguments>
<assign>
<var>${m}</var>
</assign>
<msg level="INFO" timestamp="20160907 22:06:19.848">${m} = O</msg>
<status endtime="20160907 22:06:19.850" starttime="20160907 22:06:19.799" status="PASS"></status>
</kw>
<kw library="BuiltIn" name="Should Be Equal">
<doc>Fails if the given objects are unequal.</doc>
<arguments>
<arg>${m}</arg>
<arg>${mark}</arg>
</arguments>
<status endtime="20160907 22:06:19.869" starttime="20160907 22:06:19.856" status="PASS"></status>
</kw>
<status endtime="20160907 22:06:19.873" starttime="20160907 22:06:19.770" status="PASS"></status>
</kw>
<kw library="TicTacToeKeywords" name="Mark Location">
<arguments>
<arg>0</arg>
<arg>0</arg>
</arguments>
<status endtime="20160907 22:06:19.909" starttime="20160907 22:06:19.879" status="PASS"></status>
</kw>
<kw name="Check Location">
<arguments>
<arg>0</arg>
<arg>0</arg>
<arg>X</arg>
</arguments>
<kw library="TicTacToeKeywords" name="Get Mark">
<arguments>
<arg>${row}</arg>
<arg>${col}</arg>
</arguments>
<assign>
<var>${m}</var>
</assign>
<msg level="INFO" timestamp="20160907 22:06:19.949">${m} = X</msg>
<status endtime="20160907 22:06:19.950" starttime="20160907 22:06:19.933" status="PASS"></status>
</kw>
<kw library="BuiltIn" name="Should Be Equal">
<doc>Fails if the given objects are unequal.</doc>
<arguments>
<arg>${m}</arg>
<arg>${mark}</arg>
</arguments>
<status endtime="20160907 22:06:19.978" starttime="20160907 22:06:19.955" status="PASS"></status>
</kw>
<status endtime="20160907 22:06:19.982" starttime="20160907 22:06:19.916" status="PASS"></status>
</kw>
<kw library="TicTacToeKeywords" name="Mark Location">
<arguments>
<arg>2</arg>
<arg>2</arg>
</arguments>
<status endtime="20160907 22:06:19.995" starttime="20160907 22:06:19.987" status="PASS"></status>
</kw>
<kw name="Check Location">
<arguments>
<arg>2</arg>
<arg>2</arg>
<arg>O</arg>
</arguments>
<kw library="TicTacToeKeywords" name="Get Mark">
<arguments>
<arg>${row}</arg>
<arg>${col}</arg>
</arguments>
<assign>
<var>${m}</var>
</assign>
<msg level="INFO" timestamp="20160907 22:06:20.054">${m} = O</msg>
<status endtime="20160907 22:06:20.056" starttime="20160907 22:06:20.026" status="PASS"></status>
</kw>
<kw library="BuiltIn" name="Should Be Equal">
<doc>Fails if the given objects are unequal.</doc>
<arguments>
<arg>${m}</arg>
<arg>${mark}</arg>
</arguments>
<status endtime="20160907 22:06:20.071" starttime="20160907 22:06:20.060" status="PASS"></status>
</kw>
<status endtime="20160907 22:06:20.075" starttime="20160907 22:06:20.001" status="PASS"></status>
</kw>
<kw library="TicTacToeKeywords" name="Mark Location">
<arguments>
<arg>0</arg>
<arg>2</arg>
</arguments>
<status endtime="20160907 22:06:20.133" starttime="20160907 22:06:20.121" status="PASS"></status>
</kw>
<kw name="Check Location">
<arguments>
<arg>0</arg>
<arg>2</arg>
<arg>X</arg>
</arguments>
<kw library="TicTacToeKeywords" name="Get Mark">
<arguments>
<arg>${row}</arg>
<arg>${col}</arg>
</arguments>
<assign>
<var>${m}</var>
</assign>
<msg level="INFO" timestamp="20160907 22:06:20.173">${m} = X</msg>
<status endtime="20160907 22:06:20.175" starttime="20160907 22:06:20.157" status="PASS"></status>
</kw>
<kw library="BuiltIn" name="Should Be Equal">
<doc>Fails if the given objects are unequal.</doc>
<arguments>
<arg>${m}</arg>
<arg>${mark}</arg>
</arguments>
<status endtime="20160907 22:06:20.190" starttime="20160907 22:06:20.179" status="PASS"></status>
</kw>
<status endtime="20160907 22:06:20.193" starttime="20160907 22:06:20.142" status="PASS"></status>
</kw>
<kw library="TicTacToeKeywords" name="Mark Location">
<arguments>
<arg>2</arg>
<arg>1</arg>
</arguments>
<status endtime="20160907 22:06:20.217" starttime="20160907 22:06:20.206" status="PASS"></status>
</kw>
<kw name="Check Location">
<arguments>
<arg>2</arg>
<arg>1</arg>
<arg>O</arg>
</arguments>
<kw library="TicTacToeKeywords" name="Get Mark">
<arguments>
<arg>${row}</arg>
<arg>${col}</arg>
</arguments>
<assign>
<var>${m}</var>
</assign>
<msg level="INFO" timestamp="20160907 22:06:20.270">${m} = O</msg>
<status endtime="20160907 22:06:20.273" starttime="20160907 22:06:20.240" status="PASS"></status>
</kw>
<kw library="BuiltIn" name="Should Be Equal">
<doc>Fails if the given objects are unequal.</doc>
<arguments>
<arg>${m}</arg>
<arg>${mark}</arg>
</arguments>
<status endtime="20160907 22:06:20.291" starttime="20160907 22:06:20.277" status="PASS"></status>
</kw>
<status endtime="20160907 22:06:20.296" starttime="20160907 22:06:20.223" status="PASS"></status>
</kw>
<kw name="Winner Should Be">
<arguments>
<arg>O</arg>
</arguments>
<kw library="TicTacToeKeywords" name="Get Winner">
<assign>
<var>${m}</var>
</assign>
<msg level="INFO" timestamp="20160907 22:06:20.321">${m} = O</msg>
<status endtime="20160907 22:06:20.323" starttime="20160907 22:06:20.314" status="PASS"></status>
</kw>
<kw library="BuiltIn" name="Should Be Equal">
<doc>Fails if the given objects are unequal.</doc>
<arguments>
<arg>${m}</arg>
<arg>${mark}</arg>
</arguments>
<status endtime="20160907 22:06:20.344" starttime="20160907 22:06:20.327" status="PASS"></status>
</kw>
<status endtime="20160907 22:06:20.348" starttime="20160907 22:06:20.299" status="PASS"></status>
</kw>
<status critical="yes" endtime="20160907 22:06:20.352" starttime="20160907 22:06:19.501" status="PASS"></status>
</test>
<test name="Force a Tie" id="s1-t3">
<kw library="TicTacToeKeywords" name="Start New Game">
<status endtime="20160907 22:06:20.452" starttime="20160907 22:06:20.440" status="PASS"></status>
</kw>
<kw library="TicTacToeKeywords" name="Mark Location">
<arguments>
<arg>1</arg>
<arg>1</arg>
</arguments>
<status endtime="20160907 22:06:20.469" starttime="20160907 22:06:20.458" status="PASS"></status>
</kw>
<kw name="Check Location">
<arguments>
<arg>1</arg>
<arg>1</arg>
<arg>X</arg>
</arguments>
<kw library="TicTacToeKeywords" name="Get Mark">
<arguments>
<arg>${row}</arg>
<arg>${col}</arg>
</arguments>
<assign>
<var>${m}</var>
</assign>
<msg level="INFO" timestamp="20160907 22:06:20.503">${m} = X</msg>
<status endtime="20160907 22:06:20.505" starttime="20160907 22:06:20.490" status="PASS"></status>
</kw>
<kw library="BuiltIn" name="Should Be Equal">
<doc>Fails if the given objects are unequal.</doc>
<arguments>
<arg>${m}</arg>
<arg>${mark}</arg>
</arguments>
<status endtime="20160907 22:06:20.526" starttime="20160907 22:06:20.508" status="PASS"></status>
</kw>
<status endtime="20160907 22:06:20.534" starttime="20160907 22:06:20.472" status="PASS"></status>
</kw>
<kw library="TicTacToeKeywords" name="Mark Location">
<arguments>
<arg>0</arg>
<arg>0</arg>
</arguments>
<status endtime="20160907 22:06:20.552" starttime="20160907 22:06:20.540" status="PASS"></status>
</kw>
<kw name="Check Location">
<arguments>
<arg>0</arg>
<arg>0</arg>
<arg>O</arg>
</arguments>
<kw library="TicTacToeKeywords" name="Get Mark">
<arguments>
<arg>${row}</arg>
<arg>${col}</arg>
</arguments>
<assign>
<var>${m}</var>
</assign>
<msg level="INFO" timestamp="20160907 22:06:20.626">${m} = O</msg>
<status endtime="20160907 22:06:20.637" starttime="20160907 22:06:20.584" status="PASS"></status>
</kw>
<kw library="BuiltIn" name="Should Be Equal">
<doc>Fails if the given objects are unequal.</doc>
<arguments>
<arg>${m}</arg>
<arg>${mark}</arg>
</arguments>
<status endtime="20160907 22:06:20.688" starttime="20160907 22:06:20.653" status="PASS"></status>
</kw>
<status endtime="20160907 22:06:20.692" starttime="20160907 22:06:20.556" status="PASS"></status>
</kw>
<kw library="TicTacToeKeywords" name="Mark Location">
<arguments>
<arg>2</arg>
<arg>0</arg>
</arguments>
<status endtime="20160907 22:06:20.709" starttime="20160907 22:06:20.697" status="PASS"></status>
</kw>
<kw name="Check Location">
<arguments>
<arg>2</arg>
<arg>0</arg>
<arg>X</arg>
</arguments>
<kw library="TicTacToeKeywords" name="Get Mark">
<arguments>
<arg>${row}</arg>
<arg>${col}</arg>
</arguments>
<assign>
<var>${m}</var>
</assign>
<msg level="INFO" timestamp="20160907 22:06:20.742">${m} = X</msg>
<status endtime="20160907 22:06:20.746" starttime="20160907 22:06:20.729" status="PASS"></status>
</kw>
<kw library="BuiltIn" name="Should Be Equal">
<doc>Fails if the given objects are unequal.</doc>
<arguments>
<arg>${m}</arg>
<arg>${mark}</arg>
</arguments>
<status endtime="20160907 22:06:20.762" starttime="20160907 22:06:20.750" status="PASS"></status>
</kw>
<status endtime="20160907 22:06:20.765" starttime="20160907 22:06:20.717" status="PASS"></status>
</kw>
<kw library="TicTacToeKeywords" name="Mark Location">
<arguments>
<arg>0</arg>
<arg>2</arg>
</arguments>
<status endtime="20160907 22:06:20.781" starttime="20160907 22:06:20.770" status="PASS"></status>
</kw>
<kw name="Check Location">
<arguments>
<arg>0</arg>
<arg>2</arg>
<arg>O</arg>
</arguments>
<kw library="TicTacToeKeywords" name="Get Mark">
<arguments>
<arg>${row}</arg>
<arg>${col}</arg>
</arguments>
<assign>
<var>${m}</var>
</assign>
<msg level="INFO" timestamp="20160907 22:06:20.835">${m} = O</msg>
<status endtime="20160907 22:06:20.837" starttime="20160907 22:06:20.807" status="PASS"></status>
</kw>
<kw library="BuiltIn" name="Should Be Equal">
<doc>Fails if the given objects are unequal.</doc>
<arguments>
<arg>${m}</arg>
<arg>${mark}</arg>
</arguments>
<status endtime="20160907 22:06:20.871" starttime="20160907 22:06:20.840" status="PASS"></status>
</kw>
<status endtime="20160907 22:06:20.880" starttime="20160907 22:06:20.784" status="PASS"></status>
</kw>
<kw library="TicTacToeKeywords" name="Mark Location">
<arguments>
<arg>0</arg>
<arg>1</arg>
</arguments>
<status endtime="20160907 22:06:20.920" starttime="20160907 22:06:20.904" status="PASS"></status>
</kw>
<kw name="Check Location">
<arguments>
<arg>0</arg>
<arg>1</arg>
<arg>X</arg>
</arguments>
<kw library="TicTacToeKeywords" name="Get Mark">
<arguments>
<arg>${row}</arg>
<arg>${col}</arg>
</arguments>
<assign>
<var>${m}</var>
</assign>
<msg level="INFO" timestamp="20160907 22:06:20.957">${m} = X</msg>
<status endtime="20160907 22:06:20.958" starttime="20160907 22:06:20.940" status="PASS"></status>
</kw>
<kw library="BuiltIn" name="Should Be Equal">
<doc>Fails if the given objects are unequal.</doc>
<arguments>
<arg>${m}</arg>
<arg>${mark}</arg>
</arguments>
<status endtime="20160907 22:06:20.972" starttime="20160907 22:06:20.962" status="PASS"></status>
</kw>
<status endtime="20160907 22:06:20.979" starttime="20160907 22:06:20.924" status="PASS"></status>
</kw>
<kw library="TicTacToeKeywords" name="Mark Location">
<arguments>
<arg>2</arg>
<arg>1</arg>
</arguments>
<status endtime="20160907 22:06:21.008" starttime="20160907 22:06:20.983" status="PASS"></status>
</kw>
<kw name="Check Location">
<arguments>
<arg>2</arg>
<arg>1</arg>
<arg>O</arg>
</arguments>
<kw library="TicTacToeKeywords" name="Get Mark">
<arguments>
<arg>${row}</arg>
<arg>${col}</arg>
</arguments>
<assign>
<var>${m}</var>
</assign>
<msg level="INFO" timestamp="20160907 22:06:21.060">${m} = O</msg>
<status endtime="20160907 22:06:21.062" starttime="20160907 22:06:21.051" status="PASS"></status>
</kw>
<kw library="BuiltIn" name="Should Be Equal">
<doc>Fails if the given objects are unequal.</doc>
<arguments>
<arg>${m}</arg>
<arg>${mark}</arg>
</arguments>
<status endtime="20160907 22:06:21.076" starttime="20160907 22:06:21.066" status="PASS"></status>
</kw>
<status endtime="20160907 22:06:21.079" starttime="20160907 22:06:21.035" status="PASS"></status>
</kw>
<kw library="TicTacToeKeywords" name="Mark Location">
<arguments>
<arg>1</arg>
<arg>2</arg>
</arguments>
<status endtime="20160907 22:06:21.094" starttime="20160907 22:06:21.085" status="PASS"></status>
</kw>
<kw name="Check Location">
<arguments>
<arg>1</arg>
<arg>2</arg>
<arg>X</arg>
</arguments>
<kw library="TicTacToeKeywords" name="Get Mark">
<arguments>
<arg>${row}</arg>
<arg>${col}</arg>
</arguments>
<assign>
<var>${m}</var>
</assign>
<msg level="INFO" timestamp="20160907 22:06:21.121">${m} = X</msg>
<status endtime="20160907 22:06:21.124" starttime="20160907 22:06:21.108" status="PASS"></status>
</kw>
<kw library="BuiltIn" name="Should Be Equal">
<doc>Fails if the given objects are unequal.</doc>
<arguments>
<arg>${m}</arg>
<arg>${mark}</arg>
</arguments>
<status endtime="20160907 22:06:21.142" starttime="20160907 22:06:21.132" status="PASS"></status>
</kw>
<status endtime="20160907 22:06:21.145" starttime="20160907 22:06:21.098" status="PASS"></status>
</kw>
<kw library="TicTacToeKeywords" name="Mark Location">
<arguments>
<arg>1</arg>
<arg>0</arg>
</arguments>
<status endtime="20160907 22:06:21.156" starttime="20160907 22:06:21.150" status="PASS"></status>
</kw>
<kw name="Check Location">
<arguments>
<arg>1</arg>
<arg>0</arg>
<arg>O</arg>
</arguments>
<kw library="TicTacToeKeywords" name="Get Mark">
<arguments>
<arg>${row}</arg>
<arg>${col}</arg>
</arguments>
<assign>
<var>${m}</var>
</assign>
<msg level="INFO" timestamp="20160907 22:06:21.190">${m} = O</msg>
<status endtime="20160907 22:06:21.191" starttime="20160907 22:06:21.175" status="PASS"></status>
</kw>
<kw library="BuiltIn" name="Should Be Equal">
<doc>Fails if the given objects are unequal.</doc>
<arguments>
<arg>${m}</arg>
<arg>${mark}</arg>
</arguments>
<status endtime="20160907 22:06:21.206" starttime="20160907 22:06:21.196" status="PASS"></status>
</kw>
<status endtime="20160907 22:06:21.209" starttime="20160907 22:06:21.165" status="PASS"></status>
</kw>
<kw library="TicTacToeKeywords" name="Mark Location">
<arguments>
<arg>2</arg>
<arg>2</arg>
</arguments>
<status endtime="20160907 22:06:21.237" starttime="20160907 22:06:21.225" status="PASS"></status>
</kw>
<kw name="Check Location">
<arguments>
<arg>2</arg>
<arg>2</arg>
<arg>X</arg>
</arguments>
<kw library="TicTacToeKeywords" name="Get Mark">
<arguments>
<arg>${row}</arg>
<arg>${col}</arg>
</arguments>
<assign>
<var>${m}</var>
</assign>
<msg level="INFO" timestamp="20160907 22:06:21.274">${m} = X</msg>
<status endtime="20160907 22:06:21.276" starttime="20160907 22:06:21.264" status="PASS"></status>
</kw>
<kw library="BuiltIn" name="Should Be Equal">
<doc>Fails if the given objects are unequal.</doc>
<arguments>
<arg>${m}</arg>
<arg>${mark}</arg>
</arguments>
<status endtime="20160907 22:06:21.292" starttime="20160907 22:06:21.280" status="PASS"></status>
</kw>
<status endtime="20160907 22:06:21.295" starttime="20160907 22:06:21.240" status="PASS"></status>
</kw>
<kw name="Winner Should Be">
<arguments>
<arg>TIE</arg>
</arguments>
<kw library="TicTacToeKeywords" name="Get Winner">
<assign>
<var>${m}</var>
</assign>
<msg level="INFO" timestamp="20160907 22:06:21.320">${m} = TIE</msg>
<status endtime="20160907 22:06:21.321" starttime="20160907 22:06:21.314" status="PASS"></status>
</kw>
<kw library="BuiltIn" name="Should Be Equal">
<doc>Fails if the given objects are unequal.</doc>
<arguments>
<arg>${m}</arg>
<arg>${mark}</arg>
</arguments>
<status endtime="20160907 22:06:21.350" starttime="20160907 22:06:21.331" status="PASS"></status>
</kw>
<status endtime="20160907 22:06:21.353" starttime="20160907 22:06:21.300" status="PASS"></status>
</kw>
<status critical="yes" endtime="20160907 22:06:21.359" starttime="20160907 22:06:20.406" status="PASS"></status>
</test>
<status endtime="20160907 22:06:21.463" starttime="20160907 22:06:16.710" status="PASS"></status>
</suite>
<statistics>
<total>
<stat pass="3" fail="0">Critical Tests</stat>
<stat pass="3" fail="0">All Tests</stat>
</total>
<tag>
</tag>
<suite>
<stat pass="3" fail="0" name="TicTacToeTests" id="s1">TicTacToeTests</stat>
</suite>
</statistics>
<errors>
</errors>
</robot>
